[debug] [2021-07-11T16:01:49.714Z] ----------------------------------------------------------------------
[debug] [2021-07-11T16:01:49.716Z] Command:       C:\Program Files\nodejs\node.exe C:\Users\Sandeep menon\AppData\Local\Yarn\Data\global\node_modules\firebase-tools\lib\bin\firebase.js init
[debug] [2021-07-11T16:01:49.716Z] CLI Version:   9.10.2
[debug] [2021-07-11T16:01:49.716Z] Platform:      win32
[debug] [2021-07-11T16:01:49.716Z] Node Version:  v14.17.0
[debug] [2021-07-11T16:01:49.717Z] Time:          Sun Jul 11 2021 21:31:49 GMT+0530 (India Standard Time)
[debug] [2021-07-11T16:01:49.717Z] ----------------------------------------------------------------------
[debug] 
[debug] [2021-07-11T16:01:49.720Z] >>> [apiv2][query] GET https://firebase-public.firebaseio.com/cli.json [none]
[debug] [2021-07-11T16:01:49.740Z] > command requires scopes: ["email","openid","https://www.googleapis.com/auth/cloudplatformprojects.readonly","https://www.googleapis.com/auth/firebase","https://www.googleapis.com/auth/cloud-platform"]
[debug] [2021-07-11T16:01:49.740Z] > authorizing via signed-in user (vvu060forfirebase@gmail.com)
[info] 
     ######## #### ########  ######## ########     ###     ######  ########
     ##        ##  ##     ## ##       ##     ##  ##   ##  ##       ##
     ######    ##  ########  ######   ########  #########  ######  ######
     ##        ##  ##    ##  ##       ##     ## ##     ##       ## ##
     ##       #### ##     ## ######## ########  ##     ##  ######  ########

You're about to initialize a Firebase project in this directory:

  E:\my_builds\Job-portal

[debug] [2021-07-11T16:01:50.500Z] <<< [apiv2][status] GET https://firebase-public.firebaseio.com/cli.json 200
[debug] [2021-07-11T16:01:50.500Z] <<< [apiv2][body] GET https://firebase-public.firebaseio.com/cli.json {"cloudBuildErrorAfter":1594252800000,"cloudBuildWarnAfter":1590019200000,"defaultNode10After":1594252800000,"minVersion":"3.0.5","node8DeploysDisabledAfter":1613390400000,"node8RuntimeDisabledAfter":1615809600000,"node8WarnAfter":1600128000000}
[debug] [2021-07-11T16:02:19.017Z] ----------------------------------------------------------------------
[debug] [2021-07-11T16:02:19.019Z] Command:       C:\Program Files\nodejs\node.exe C:\Users\Sandeep menon\AppData\Local\Yarn\Data\global\node_modules\firebase-tools\lib\bin\firebase.js init
[debug] [2021-07-11T16:02:19.019Z] CLI Version:   9.10.2
[debug] [2021-07-11T16:02:19.019Z] Platform:      win32
[debug] [2021-07-11T16:02:19.019Z] Node Version:  v14.17.0
[debug] [2021-07-11T16:02:19.020Z] Time:          Sun Jul 11 2021 21:32:19 GMT+0530 (India Standard Time)
[debug] [2021-07-11T16:02:19.020Z] ----------------------------------------------------------------------
[debug] 
[debug] [2021-07-11T16:02:19.026Z] > command requires scopes: ["email","openid","https://www.googleapis.com/auth/cloudplatformprojects.readonly","https://www.googleapis.com/auth/firebase","https://www.googleapis.com/auth/cloud-platform"]
[debug] [2021-07-11T16:02:19.026Z] > authorizing via signed-in user (vvu060forfirebase@gmail.com)
[info] 
     ######## #### ########  ######## ########     ###     ######  ########
     ##        ##  ##     ## ##       ##     ##  ##   ##  ##       ##
     ######    ##  ########  ######   ########  #########  ######  ######
     ##        ##  ##    ##  ##       ##     ## ##     ##       ## ##
     ##       #### ##     ## ######## ########  ##     ##  ######  ########

You're about to initialize a Firebase project in this directory:

  E:\my_builds\Job-portal

[info] 
=== Project Setup
[info] 
[info] First, let's associate this project directory with a Firebase project.
[info] You can create multiple project aliases by running firebase use --add, 
[info] but for now we'll just set up a default project.
[info] 
[debug] [2021-07-11T16:03:01.314Z] > refreshing access token with scopes: []
[debug] [2021-07-11T16:03:01.314Z] >>> HTTP REQUEST POST https://www.googleapis.com/oauth2/v3/token  
 <request body omitted>
[debug] [2021-07-11T16:03:01.513Z] <<< HTTP RESPONSE 200 {"pragma":"no-cache","expires":"Mon, 01 Jan 1990 00:00:00 GMT","date":"Sun, 11 Jul 2021 16:03:00 GMT","cache-control":"no-cache, no-store, max-age=0, must-revalidate","content-type":"application/json; charset=utf-8","vary":"X-Origin, Referer, Origin,Accept-Encoding","server":"scaffolding on HTTPServer2","x-xss-protection":"0","x-frame-options":"SAMEORIGIN","x-content-type-options":"nosniff","alt-svc":"h3=\":443\"; ma=2592000,h3-29=\":443\"; ma=2592000,h3-T051=\":443\"; ma=2592000,h3-Q050=\":443\"; ma=2592000,h3-Q046=\":443\"; ma=2592000,h3-Q043=\":443\"; ma=2592000,quic=\":443\"; ma=2592000; v=\"46,43\"","accept-ranges":"none","transfer-encoding":"chunked"}
[debug] [2021-07-11T16:03:01.558Z] >>> [apiv2][query] GET https://firebase.googleapis.com/v1beta1/projects pageSize=100
[debug] [2021-07-11T16:03:02.165Z] <<< [apiv2][status] GET https://firebase.googleapis.com/v1beta1/projects 200
[debug] [2021-07-11T16:03:02.165Z] <<< [apiv2][body] GET https://firebase.googleapis.com/v1beta1/projects [omitted]
[debug] [2021-07-11T16:04:10.537Z] ----------------------------------------------------------------------
[debug] [2021-07-11T16:04:10.539Z] Command:       C:\Program Files\nodejs\node.exe C:\Users\Sandeep menon\AppData\Local\Yarn\Data\global\node_modules\firebase-tools\lib\bin\firebase.js init
[debug] [2021-07-11T16:04:10.540Z] CLI Version:   9.10.2
[debug] [2021-07-11T16:04:10.540Z] Platform:      win32
[debug] [2021-07-11T16:04:10.540Z] Node Version:  v14.17.0
[debug] [2021-07-11T16:04:10.541Z] Time:          Sun Jul 11 2021 21:34:10 GMT+0530 (India Standard Time)
[debug] [2021-07-11T16:04:10.541Z] ----------------------------------------------------------------------
[debug] 
[debug] [2021-07-11T16:04:10.547Z] > command requires scopes: ["email","openid","https://www.googleapis.com/auth/cloudplatformprojects.readonly","https://www.googleapis.com/auth/firebase","https://www.googleapis.com/auth/cloud-platform"]
[debug] [2021-07-11T16:04:10.547Z] > authorizing via signed-in user (vvu060forfirebase@gmail.com)
[info] 
     ######## #### ########  ######## ########     ###     ######  ########
     ##        ##  ##     ## ##       ##     ##  ##   ##  ##       ##
     ######    ##  ########  ######   ########  #########  ######  ######
     ##        ##  ##    ##  ##       ##     ## ##     ##       ## ##
     ##       #### ##     ## ######## ########  ##     ##  ######  ########

You're about to initialize a Firebase project in this directory:

  E:\my_builds\Job-portal

[info] 
=== Project Setup
[info] 
[info] First, let's associate this project directory with a Firebase project.
[info] You can create multiple project aliases by running firebase use --add, 
[info] but for now we'll just set up a default project.
[info] 
[debug] [2021-07-11T16:04:32.870Z] >>> [apiv2][query] GET https://firebase.googleapis.com/v1beta1/projects pageSize=100
[debug] [2021-07-11T16:04:33.420Z] <<< [apiv2][status] GET https://firebase.googleapis.com/v1beta1/projects 200
[debug] [2021-07-11T16:04:33.421Z] <<< [apiv2][body] GET https://firebase.googleapis.com/v1beta1/projects [omitted]
[debug] [2021-07-11T16:05:23.471Z] ----------------------------------------------------------------------
[debug] [2021-07-11T16:05:23.473Z] Command:       C:\Program Files\nodejs\node.exe C:\Users\Sandeep menon\AppData\Local\Yarn\Data\global\node_modules\firebase-tools\lib\bin\firebase.js init
[debug] [2021-07-11T16:05:23.473Z] CLI Version:   9.10.2
[debug] [2021-07-11T16:05:23.473Z] Platform:      win32
[debug] [2021-07-11T16:05:23.474Z] Node Version:  v14.17.0
[debug] [2021-07-11T16:05:23.474Z] Time:          Sun Jul 11 2021 21:35:23 GMT+0530 (India Standard Time)
[debug] [2021-07-11T16:05:23.475Z] ----------------------------------------------------------------------
[debug] 
[debug] [2021-07-11T16:05:23.480Z] > command requires scopes: ["email","openid","https://www.googleapis.com/auth/cloudplatformprojects.readonly","https://www.googleapis.com/auth/firebase","https://www.googleapis.com/auth/cloud-platform"]
[debug] [2021-07-11T16:05:23.480Z] > authorizing via signed-in user (vvu060forfirebase@gmail.com)
[info] 
     ######## #### ########  ######## ########     ###     ######  ########
     ##        ##  ##     ## ##       ##     ##  ##   ##  ##       ##
     ######    ##  ########  ######   ########  #########  ######  ######
     ##        ##  ##    ##  ##       ##     ## ##     ##       ## ##
     ##       #### ##     ## ######## ########  ##     ##  ######  ########

You're about to initialize a Firebase project in this directory:

  E:\my_builds\Job-portal

[info] 
=== Project Setup
[info] 
[info] First, let's associate this project directory with a Firebase project.
[info] You can create multiple project aliases by running firebase use --add, 
[info] but for now we'll just set up a default project.
[info] 
[debug] [2021-07-11T16:05:31.829Z] >>> [apiv2][query] GET https://firebase.googleapis.com/v1beta1/projects pageSize=100
[debug] [2021-07-11T16:05:32.396Z] <<< [apiv2][status] GET https://firebase.googleapis.com/v1beta1/projects 200
[debug] [2021-07-11T16:05:32.396Z] <<< [apiv2][body] GET https://firebase.googleapis.com/v1beta1/projects [omitted]
[debug] [2021-07-11T16:06:22.401Z] ----------------------------------------------------------------------
[debug] [2021-07-11T16:06:22.403Z] Command:       C:\Program Files\nodejs\node.exe C:\Users\Sandeep menon\AppData\Local\Yarn\Data\global\node_modules\firebase-tools\lib\bin\firebase.js init
[debug] [2021-07-11T16:06:22.403Z] CLI Version:   9.10.2
[debug] [2021-07-11T16:06:22.403Z] Platform:      win32
[debug] [2021-07-11T16:06:22.403Z] Node Version:  v14.17.0
[debug] [2021-07-11T16:06:22.404Z] Time:          Sun Jul 11 2021 21:36:22 GMT+0530 (India Standard Time)
[debug] [2021-07-11T16:06:22.404Z] ----------------------------------------------------------------------
[debug] 
[debug] [2021-07-11T16:06:22.410Z] > command requires scopes: ["email","openid","https://www.googleapis.com/auth/cloudplatformprojects.readonly","https://www.googleapis.com/auth/firebase","https://www.googleapis.com/auth/cloud-platform"]
[debug] [2021-07-11T16:06:22.410Z] > authorizing via signed-in user (vvu060forfirebase@gmail.com)
[info] 
     ######## #### ########  ######## ########     ###     ######  ########
     ##        ##  ##     ## ##       ##     ##  ##   ##  ##       ##
     ######    ##  ########  ######   ########  #########  ######  ######
     ##        ##  ##    ##  ##       ##     ## ##     ##       ## ##
     ##       #### ##     ## ######## ########  ##     ##  ######  ########

You're about to initialize a Firebase project in this directory:

  E:\my_builds\Job-portal

[info] 
=== Project Setup
[info] 
[info] First, let's associate this project directory with a Firebase project.
[info] You can create multiple project aliases by running firebase use --add, 
[info] but for now we'll just set up a default project.
[info] 
[debug] [2021-07-11T16:06:29.285Z] >>> [apiv2][query] GET https://firebase.googleapis.com/v1beta1/projects pageSize=100
[debug] [2021-07-11T16:06:29.937Z] <<< [apiv2][status] GET https://firebase.googleapis.com/v1beta1/projects 200
[debug] [2021-07-11T16:06:29.937Z] <<< [apiv2][body] GET https://firebase.googleapis.com/v1beta1/projects [omitted]
[debug] [2021-07-11T16:15:39.866Z] ----------------------------------------------------------------------
[debug] [2021-07-11T16:15:39.868Z] Command:       C:\Program Files\nodejs\node.exe C:\Users\Sandeep menon\AppData\Local\Yarn\Data\global\node_modules\firebase-tools\lib\bin\firebase.js init
[debug] [2021-07-11T16:15:39.868Z] CLI Version:   9.10.2
[debug] [2021-07-11T16:15:39.868Z] Platform:      win32
[debug] [2021-07-11T16:15:39.868Z] Node Version:  v14.17.0
[debug] [2021-07-11T16:15:39.869Z] Time:          Sun Jul 11 2021 21:45:39 GMT+0530 (India Standard Time)
[debug] [2021-07-11T16:15:39.870Z] ----------------------------------------------------------------------
[debug] 
[debug] [2021-07-11T16:15:39.875Z] > command requires scopes: ["email","openid","https://www.googleapis.com/auth/cloudplatformprojects.readonly","https://www.googleapis.com/auth/firebase","https://www.googleapis.com/auth/cloud-platform"]
[debug] [2021-07-11T16:15:39.875Z] > authorizing via signed-in user (vvu060forfirebase@gmail.com)
[info] 
     ######## #### ########  ######## ########     ###     ######  ########
     ##        ##  ##     ## ##       ##     ##  ##   ##  ##       ##
     ######    ##  ########  ######   ########  #########  ######  ######
     ##        ##  ##    ##  ##       ##     ## ##     ##       ## ##
     ##       #### ##     ## ######## ########  ##     ##  ######  ########

You're about to initialize a Firebase project in this directory:

  E:\my_builds\Job-portal

[info] 
=== Project Setup
[info] 
[info] First, let's associate this project directory with a Firebase project.
[info] You can create multiple project aliases by running firebase use --add, 
[info] but for now we'll just set up a default project.
[info] 
[debug] [2021-07-11T16:15:45.073Z] >>> [apiv2][query] GET https://firebase.googleapis.com/v1beta1/projects pageSize=100
[debug] [2021-07-11T16:15:45.666Z] <<< [apiv2][status] GET https://firebase.googleapis.com/v1beta1/projects 200
[debug] [2021-07-11T16:15:45.666Z] <<< [apiv2][body] GET https://firebase.googleapis.com/v1beta1/projects [omitted]
[debug] [2021-07-11T16:17:02.169Z] ----------------------------------------------------------------------
[debug] [2021-07-11T16:17:02.171Z] Command:       C:\Program Files\nodejs\node.exe C:\Users\Sandeep menon\AppData\Local\Yarn\Data\global\node_modules\firebase-tools\lib\bin\firebase.js init
[debug] [2021-07-11T16:17:02.172Z] CLI Version:   9.10.2
[debug] [2021-07-11T16:17:02.172Z] Platform:      win32
[debug] [2021-07-11T16:17:02.172Z] Node Version:  v14.17.0
[debug] [2021-07-11T16:17:02.173Z] Time:          Sun Jul 11 2021 21:47:02 GMT+0530 (India Standard Time)
[debug] [2021-07-11T16:17:02.173Z] ----------------------------------------------------------------------
[debug] 
[debug] [2021-07-11T16:17:02.179Z] > command requires scopes: ["email","openid","https://www.googleapis.com/auth/cloudplatformprojects.readonly","https://www.googleapis.com/auth/firebase","https://www.googleapis.com/auth/cloud-platform"]
[debug] [2021-07-11T16:17:02.179Z] > authorizing via signed-in user (vvu060forfirebase@gmail.com)
[info] 
     ######## #### ########  ######## ########     ###     ######  ########
     ##        ##  ##     ## ##       ##     ##  ##   ##  ##       ##
     ######    ##  ########  ######   ########  #########  ######  ######
     ##        ##  ##    ##  ##       ##     ## ##     ##       ## ##
     ##       #### ##     ## ######## ########  ##     ##  ######  ########

You're about to initialize a Firebase project in this directory:

  E:\my_builds\Job-portal

[info] 
=== Project Setup
[info] 
[info] First, let's associate this project directory with a Firebase project.
[info] You can create multiple project aliases by running firebase use --add, 
[info] but for now we'll just set up a default project.
[info] 
[debug] [2021-07-11T16:17:09.849Z] >>> [apiv2][query] GET https://firebase.googleapis.com/v1beta1/projects pageSize=100
[debug] [2021-07-11T16:17:10.442Z] <<< [apiv2][status] GET https://firebase.googleapis.com/v1beta1/projects 200
[debug] [2021-07-11T16:17:10.442Z] <<< [apiv2][body] GET https://firebase.googleapis.com/v1beta1/projects [omitted]
[debug] [2021-07-11T16:20:33.147Z] ----------------------------------------------------------------------
[debug] [2021-07-11T16:20:33.149Z] Command:       C:\Program Files\nodejs\node.exe C:\Users\Sandeep menon\AppData\Local\Yarn\Data\global\node_modules\firebase-tools\lib\bin\firebase.js init
[debug] [2021-07-11T16:20:33.149Z] CLI Version:   9.10.2
[debug] [2021-07-11T16:20:33.149Z] Platform:      win32
[debug] [2021-07-11T16:20:33.149Z] Node Version:  v14.17.0
[debug] [2021-07-11T16:20:33.151Z] Time:          Sun Jul 11 2021 21:50:33 GMT+0530 (India Standard Time)
[debug] [2021-07-11T16:20:33.151Z] ----------------------------------------------------------------------
[debug] 
[debug] [2021-07-11T16:20:33.156Z] > command requires scopes: ["email","openid","https://www.googleapis.com/auth/cloudplatformprojects.readonly","https://www.googleapis.com/auth/firebase","https://www.googleapis.com/auth/cloud-platform"]
[debug] [2021-07-11T16:20:33.156Z] > authorizing via signed-in user (vvu060forfirebase@gmail.com)
[info] 
     ######## #### ########  ######## ########     ###     ######  ########
     ##        ##  ##     ## ##       ##     ##  ##   ##  ##       ##
     ######    ##  ########  ######   ########  #########  ######  ######
     ##        ##  ##    ##  ##       ##     ## ##     ##       ## ##
     ##       #### ##     ## ######## ########  ##     ##  ######  ########

You're about to initialize a Firebase project in this directory:

  E:\my_builds\Job-portal

[info] 
=== Project Setup
[info] 
[info] First, let's associate this project directory with a Firebase project.
[info] You can create multiple project aliases by running firebase use --add, 
[info] but for now we'll just set up a default project.
[info] 
[debug] [2021-07-11T16:20:38.143Z] >>> [apiv2][query] GET https://firebase.googleapis.com/v1beta1/projects pageSize=100
[debug] [2021-07-11T16:20:38.748Z] <<< [apiv2][status] GET https://firebase.googleapis.com/v1beta1/projects 200
[debug] [2021-07-11T16:20:38.748Z] <<< [apiv2][body] GET https://firebase.googleapis.com/v1beta1/projects [omitted]
[debug] [2021-07-11T16:21:15.953Z] ----------------------------------------------------------------------
[debug] [2021-07-11T16:21:15.955Z] Command:       C:\Program Files\nodejs\node.exe C:\Users\Sandeep menon\AppData\Local\Yarn\Data\global\node_modules\firebase-tools\lib\bin\firebase.js init
[debug] [2021-07-11T16:21:15.955Z] CLI Version:   9.10.2
[debug] [2021-07-11T16:21:15.955Z] Platform:      win32
[debug] [2021-07-11T16:21:15.955Z] Node Version:  v14.17.0
[debug] [2021-07-11T16:21:15.956Z] Time:          Sun Jul 11 2021 21:51:15 GMT+0530 (India Standard Time)
[debug] [2021-07-11T16:21:15.956Z] ----------------------------------------------------------------------
[debug] 
[debug] [2021-07-11T16:21:15.962Z] > command requires scopes: ["email","openid","https://www.googleapis.com/auth/cloudplatformprojects.readonly","https://www.googleapis.com/auth/firebase","https://www.googleapis.com/auth/cloud-platform"]
[debug] [2021-07-11T16:21:15.962Z] > authorizing via signed-in user (vvu060forfirebase@gmail.com)
[info] 
     ######## #### ########  ######## ########     ###     ######  ########
     ##        ##  ##     ## ##       ##     ##  ##   ##  ##       ##
     ######    ##  ########  ######   ########  #########  ######  ######
     ##        ##  ##    ##  ##       ##     ## ##     ##       ## ##
     ##       #### ##     ## ######## ########  ##     ##  ######  ########

You're about to initialize a Firebase project in this directory:

  E:\my_builds\Job-portal

[info] 
=== Project Setup
[info] 
[info] First, let's associate this project directory with a Firebase project.
[info] You can create multiple project aliases by running firebase use --add, 
[info] but for now we'll just set up a default project.
[info] 
[debug] [2021-07-11T16:21:22.488Z] >>> [apiv2][query] GET https://firebase.googleapis.com/v1beta1/projects pageSize=100
[debug] [2021-07-11T16:21:23.187Z] <<< [apiv2][status] GET https://firebase.googleapis.com/v1beta1/projects 200
[debug] [2021-07-11T16:21:23.187Z] <<< [apiv2][body] GET https://firebase.googleapis.com/v1beta1/projects [omitted]
